[2025-11-19 20:30:18] PHPMailer Exception: SMTP Error: Could not authenticate. | ErrorInfo: SMTP Error: Could not authenticate.
[2025-11-19 20:30:23] PHPMailer Exception: SMTP Error: Could not authenticate. | ErrorInfo: SMTP Error: Could not authenticate.
[2025-11-19 20:30:28] PHPMailer Exception: SMTP Error: Could not authenticate. | ErrorInfo: SMTP Error: Could not authenticate.
[2025-11-19 20:30:57] PHPMailer Exception: SMTP Error: Could not authenticate. | ErrorInfo: SMTP Error: Could not authenticate.
[2025-11-19 20:31:03] PHPMailer Exception: SMTP Error: Could not authenticate. | ErrorInfo: SMTP Error: Could not authenticate.
[2025-11-19 20:31:08] PHPMailer Exception: SMTP Error: Could not authenticate. | ErrorInfo: SMTP Error: Could not authenticate.
[2025-11-19 20:32:12] PHPMailer Exception: SMTP Error: Could not authenticate. | ErrorInfo: SMTP Error: Could not authenticate.
[2025-11-19 20:32:17] PHPMailer Exception: SMTP Error: Could not authenticate. | ErrorInfo: SMTP Error: Could not authenticate.
[2025-11-19 20:32:22] PHPMailer Exception: SMTP Error: Could not authenticate. | ErrorInfo: SMTP Error: Could not authenticate.
[2025-11-19 20:49:08] PHPMailer Exception: SMTP Error: Could not authenticate. | ErrorInfo: SMTP Error: Could not authenticate.
[2025-11-19 20:49:13] PHPMailer Exception: SMTP Error: Could not authenticate. | ErrorInfo: SMTP Error: Could not authenticate.
[2025-11-19 20:49:18] PHPMailer Exception: SMTP Error: Could not authenticate. | ErrorInfo: SMTP Error: Could not authenticate.
[2025-11-19 20:49:35] PHPMailer Exception: SMTP Error: Could not authenticate. | ErrorInfo: SMTP Error: Could not authenticate.
[2025-11-19 20:49:40] PHPMailer Exception: SMTP Error: Could not authenticate. | ErrorInfo: SMTP Error: Could not authenticate.
[2025-11-19 20:49:45] PHPMailer Exception: SMTP Error: Could not authenticate. | ErrorInfo: SMTP Error: Could not authenticate.
[2025-11-19 20:55:23] PHPMailer Exception: The following From address failed: noreply@gymmembership.local : MAIL FROM command failed,Authentication Required. For more information, go to
 https://support.google.com/accounts/troubleshooter/2402620. d9443c01a7336-29b5b25c0b3sm2654385ad.63 - gsmtp
,530,5.7.0 SMTP server error: MAIL FROM command failed Detail: Authentication Required. For more information, go to
 https://support.google.com/accounts/troubleshooter/2402620. d9443c01a7336-29b5b25c0b3sm2654385ad.63 - gsmtp
 SMTP code: 530 Additional SMTP info: 5.7.0 | ErrorInfo: The following From address failed: noreply@gymmembership.local : MAIL FROM command failed,Authentication Required. For more information, go to
 https://support.google.com/accounts/troubleshooter/2402620. d9443c01a7336-29b5b25c0b3sm2654385ad.63 - gsmtp
,530,5.7.0 SMTP server error: MAIL FROM command failed Detail: Authentication Required. For more information, go to
 https://support.google.com/accounts/troubleshooter/2402620. d9443c01a7336-29b5b25c0b3sm2654385ad.63 - gsmtp
 SMTP code: 530 Additional SMTP info: 5.7.0 SMTP server error: MAIL FROM command failed Detail: Authentication Required. For more information, go to
 https://support.google.com/accounts/troubleshooter/2402620. d9443c01a7336-29b5b25c0b3sm2654385ad.63 - gsmtp
 SMTP code: 530 Additional SMTP info: 5.7.0
[2025-11-19 20:55:27] PHPMailer Exception: The following From address failed: noreply@gymmembership.local : MAIL FROM command failed,Authentication Required. For more information, go to
 https://support.google.com/accounts/troubleshooter/2402620. d9443c01a7336-29b5b163214sm2806425ad.45 - gsmtp
,530,5.7.0 SMTP server error: MAIL FROM command failed Detail: Authentication Required. For more information, go to
 https://support.google.com/accounts/troubleshooter/2402620. d9443c01a7336-29b5b163214sm2806425ad.45 - gsmtp
 SMTP code: 530 Additional SMTP info: 5.7.0 | ErrorInfo: The following From address failed: noreply@gymmembership.local : MAIL FROM command failed,Authentication Required. For more information, go to
 https://support.google.com/accounts/troubleshooter/2402620. d9443c01a7336-29b5b163214sm2806425ad.45 - gsmtp
,530,5.7.0 SMTP server error: MAIL FROM command failed Detail: Authentication Required. For more information, go to
 https://support.google.com/accounts/troubleshooter/2402620. d9443c01a7336-29b5b163214sm2806425ad.45 - gsmtp
 SMTP code: 530 Additional SMTP info: 5.7.0 SMTP server error: MAIL FROM command failed Detail: Authentication Required. For more information, go to
 https://support.google.com/accounts/troubleshooter/2402620. d9443c01a7336-29b5b163214sm2806425ad.45 - gsmtp
 SMTP code: 530 Additional SMTP info: 5.7.0
[2025-11-19 20:55:31] PHPMailer Exception: The following From address failed: noreply@gymmembership.local : MAIL FROM command failed,Authentication Required. For more information, go to
 https://support.google.com/accounts/troubleshooter/2402620. d9443c01a7336-29b5b29b799sm2557985ad.83 - gsmtp
,530,5.7.0 SMTP server error: MAIL FROM command failed Detail: Authentication Required. For more information, go to
 https://support.google.com/accounts/troubleshooter/2402620. d9443c01a7336-29b5b29b799sm2557985ad.83 - gsmtp
 SMTP code: 530 Additional SMTP info: 5.7.0 | ErrorInfo: The following From address failed: noreply@gymmembership.local : MAIL FROM command failed,Authentication Required. For more information, go to
 https://support.google.com/accounts/troubleshooter/2402620. d9443c01a7336-29b5b29b799sm2557985ad.83 - gsmtp
,530,5.7.0 SMTP server error: MAIL FROM command failed Detail: Authentication Required. For more information, go to
 https://support.google.com/accounts/troubleshooter/2402620. d9443c01a7336-29b5b29b799sm2557985ad.83 - gsmtp
 SMTP code: 530 Additional SMTP info: 5.7.0 SMTP server error: MAIL FROM command failed Detail: Authentication Required. For more information, go to
 https://support.google.com/accounts/troubleshooter/2402620. d9443c01a7336-29b5b29b799sm2557985ad.83 - gsmtp
 SMTP code: 530 Additional SMTP info: 5.7.0
[2025-11-19 20:58:23] PHPMailer Exception: The following From address failed: noreply@gymmembership.local : MAIL FROM command failed,Authentication Required. For more information, go to
 https://support.google.com/accounts/troubleshooter/2402620. d2e1a72fcca58-7c3f0b63dbcsm173018b3a.50 - gsmtp
,530,5.7.0 SMTP server error: MAIL FROM command failed Detail: Authentication Required. For more information, go to
 https://support.google.com/accounts/troubleshooter/2402620. d2e1a72fcca58-7c3f0b63dbcsm173018b3a.50 - gsmtp
 SMTP code: 530 Additional SMTP info: 5.7.0 | ErrorInfo: The following From address failed: noreply@gymmembership.local : MAIL FROM command failed,Authentication Required. For more information, go to
 https://support.google.com/accounts/troubleshooter/2402620. d2e1a72fcca58-7c3f0b63dbcsm173018b3a.50 - gsmtp
,530,5.7.0 SMTP server error: MAIL FROM command failed Detail: Authentication Required. For more information, go to
 https://support.google.com/accounts/troubleshooter/2402620. d2e1a72fcca58-7c3f0b63dbcsm173018b3a.50 - gsmtp
 SMTP code: 530 Additional SMTP info: 5.7.0 SMTP server error: MAIL FROM command failed Detail: Authentication Required. For more information, go to
 https://support.google.com/accounts/troubleshooter/2402620. d2e1a72fcca58-7c3f0b63dbcsm173018b3a.50 - gsmtp
 SMTP code: 530 Additional SMTP info: 5.7.0
[2025-11-19 20:58:27] PHPMailer Exception: The following From address failed: noreply@gymmembership.local : MAIL FROM command failed,Authentication Required. For more information, go to
 https://support.google.com/accounts/troubleshooter/2402620. 98e67ed59e1d1-34727d5200dsm159851a91.14 - gsmtp
,530,5.7.0 SMTP server error: MAIL FROM command failed Detail: Authentication Required. For more information, go to
 https://support.google.com/accounts/troubleshooter/2402620. 98e67ed59e1d1-34727d5200dsm159851a91.14 - gsmtp
 SMTP code: 530 Additional SMTP info: 5.7.0 | ErrorInfo: The following From address failed: noreply@gymmembership.local : MAIL FROM command failed,Authentication Required. For more information, go to
 https://support.google.com/accounts/troubleshooter/2402620. 98e67ed59e1d1-34727d5200dsm159851a91.14 - gsmtp
,530,5.7.0 SMTP server error: MAIL FROM command failed Detail: Authentication Required. For more information, go to
 https://support.google.com/accounts/troubleshooter/2402620. 98e67ed59e1d1-34727d5200dsm159851a91.14 - gsmtp
 SMTP code: 530 Additional SMTP info: 5.7.0 SMTP server error: MAIL FROM command failed Detail: Authentication Required. For more information, go to
 https://support.google.com/accounts/troubleshooter/2402620. 98e67ed59e1d1-34727d5200dsm159851a91.14 - gsmtp
 SMTP code: 530 Additional SMTP info: 5.7.0
[2025-11-19 20:58:31] PHPMailer Exception: The following From address failed: noreply@gymmembership.local : MAIL FROM command failed,Authentication Required. For more information, go to
 https://support.google.com/accounts/troubleshooter/2402620. 98e67ed59e1d1-3472692e5d3sm346742a91.9 - gsmtp
,530,5.7.0 SMTP server error: MAIL FROM command failed Detail: Authentication Required. For more information, go to
 https://support.google.com/accounts/troubleshooter/2402620. 98e67ed59e1d1-3472692e5d3sm346742a91.9 - gsmtp
 SMTP code: 530 Additional SMTP info: 5.7.0 | ErrorInfo: The following From address failed: noreply@gymmembership.local : MAIL FROM command failed,Authentication Required. For more information, go to
 https://support.google.com/accounts/troubleshooter/2402620. 98e67ed59e1d1-3472692e5d3sm346742a91.9 - gsmtp
,530,5.7.0 SMTP server error: MAIL FROM command failed Detail: Authentication Required. For more information, go to
 https://support.google.com/accounts/troubleshooter/2402620. 98e67ed59e1d1-3472692e5d3sm346742a91.9 - gsmtp
 SMTP code: 530 Additional SMTP info: 5.7.0 SMTP server error: MAIL FROM command failed Detail: Authentication Required. For more information, go to
 https://support.google.com/accounts/troubleshooter/2402620. 98e67ed59e1d1-3472692e5d3sm346742a91.9 - gsmtp
 SMTP code: 530 Additional SMTP info: 5.7.0
[2025-11-19 21:00:21] PHPMailer Exception: The following From address failed: noreply@gymmembership.local : MAIL FROM command failed,Authentication Required. For more information, go to
 https://support.google.com/accounts/troubleshooter/2402620. d9443c01a7336-29b5b25d787sm2748285ad.66 - gsmtp
,530,5.7.0 SMTP server error: MAIL FROM command failed Detail: Authentication Required. For more information, go to
 https://support.google.com/accounts/troubleshooter/2402620. d9443c01a7336-29b5b25d787sm2748285ad.66 - gsmtp
 SMTP code: 530 Additional SMTP info: 5.7.0 | ErrorInfo: The following From address failed: noreply@gymmembership.local : MAIL FROM command failed,Authentication Required. For more information, go to
 https://support.google.com/accounts/troubleshooter/2402620. d9443c01a7336-29b5b25d787sm2748285ad.66 - gsmtp
,530,5.7.0 SMTP server error: MAIL FROM command failed Detail: Authentication Required. For more information, go to
 https://support.google.com/accounts/troubleshooter/2402620. d9443c01a7336-29b5b25d787sm2748285ad.66 - gsmtp
 SMTP code: 530 Additional SMTP info: 5.7.0 SMTP server error: MAIL FROM command failed Detail: Authentication Required. For more information, go to
 https://support.google.com/accounts/troubleshooter/2402620. d9443c01a7336-29b5b25d787sm2748285ad.66 - gsmtp
 SMTP code: 530 Additional SMTP info: 5.7.0
[2025-11-19 21:00:25] PHPMailer Exception: The following From address failed: noreply@gymmembership.local : MAIL FROM command failed,Authentication Required. For more information, go to
 https://support.google.com/accounts/troubleshooter/2402620. d9443c01a7336-29b5b1387e3sm2895275ad.24 - gsmtp
,530,5.7.0 SMTP server error: MAIL FROM command failed Detail: Authentication Required. For more information, go to
 https://support.google.com/accounts/troubleshooter/2402620. d9443c01a7336-29b5b1387e3sm2895275ad.24 - gsmtp
 SMTP code: 530 Additional SMTP info: 5.7.0 | ErrorInfo: The following From address failed: noreply@gymmembership.local : MAIL FROM command failed,Authentication Required. For more information, go to
 https://support.google.com/accounts/troubleshooter/2402620. d9443c01a7336-29b5b1387e3sm2895275ad.24 - gsmtp
,530,5.7.0 SMTP server error: MAIL FROM command failed Detail: Authentication Required. For more information, go to
 https://support.google.com/accounts/troubleshooter/2402620. d9443c01a7336-29b5b1387e3sm2895275ad.24 - gsmtp
 SMTP code: 530 Additional SMTP info: 5.7.0 SMTP server error: MAIL FROM command failed Detail: Authentication Required. For more information, go to
 https://support.google.com/accounts/troubleshooter/2402620. d9443c01a7336-29b5b1387e3sm2895275ad.24 - gsmtp
 SMTP code: 530 Additional SMTP info: 5.7.0
[2025-11-19 21:00:30] PHPMailer Exception: The following From address failed: noreply@gymmembership.local : MAIL FROM command failed,Authentication Required. For more information, go to
 https://support.google.com/accounts/troubleshooter/2402620. d2e1a72fcca58-7c3f155f6e7sm173127b3a.63 - gsmtp
,530,5.7.0 SMTP server error: MAIL FROM command failed Detail: Authentication Required. For more information, go to
 https://support.google.com/accounts/troubleshooter/2402620. d2e1a72fcca58-7c3f155f6e7sm173127b3a.63 - gsmtp
 SMTP code: 530 Additional SMTP info: 5.7.0 | ErrorInfo: The following From address failed: noreply@gymmembership.local : MAIL FROM command failed,Authentication Required. For more information, go to
 https://support.google.com/accounts/troubleshooter/2402620. d2e1a72fcca58-7c3f155f6e7sm173127b3a.63 - gsmtp
,530,5.7.0 SMTP server error: MAIL FROM command failed Detail: Authentication Required. For more information, go to
 https://support.google.com/accounts/troubleshooter/2402620. d2e1a72fcca58-7c3f155f6e7sm173127b3a.63 - gsmtp
 SMTP code: 530 Additional SMTP info: 5.7.0 SMTP server error: MAIL FROM command failed Detail: Authentication Required. For more information, go to
 https://support.google.com/accounts/troubleshooter/2402620. d2e1a72fcca58-7c3f155f6e7sm173127b3a.63 - gsmtp
 SMTP code: 530 Additional SMTP info: 5.7.0
[2025-11-19 21:04:17] PHPMailer Exception: The following From address failed: noreply@gymmembership.local : MAIL FROM command failed,Authentication Required. For more information, go to
 https://support.google.com/accounts/troubleshooter/2402620. 98e67ed59e1d1-3472693c35bsm358936a91.14 - gsmtp
,530,5.7.0 SMTP server error: MAIL FROM command failed Detail: Authentication Required. For more information, go to
 https://support.google.com/accounts/troubleshooter/2402620. 98e67ed59e1d1-3472693c35bsm358936a91.14 - gsmtp
 SMTP code: 530 Additional SMTP info: 5.7.0 | ErrorInfo: The following From address failed: noreply@gymmembership.local : MAIL FROM command failed,Authentication Required. For more information, go to
 https://support.google.com/accounts/troubleshooter/2402620. 98e67ed59e1d1-3472693c35bsm358936a91.14 - gsmtp
,530,5.7.0 SMTP server error: MAIL FROM command failed Detail: Authentication Required. For more information, go to
 https://support.google.com/accounts/troubleshooter/2402620. 98e67ed59e1d1-3472693c35bsm358936a91.14 - gsmtp
 SMTP code: 530 Additional SMTP info: 5.7.0 SMTP server error: MAIL FROM command failed Detail: Authentication Required. For more information, go to
 https://support.google.com/accounts/troubleshooter/2402620. 98e67ed59e1d1-3472693c35bsm358936a91.14 - gsmtp
 SMTP code: 530 Additional SMTP info: 5.7.0
[2025-11-19 21:04:21] PHPMailer Exception: The following From address failed: noreply@gymmembership.local : MAIL FROM command failed,Authentication Required. For more information, go to
 https://support.google.com/accounts/troubleshooter/2402620. d9443c01a7336-29b5b25c104sm2796735ad.54 - gsmtp
,530,5.7.0 SMTP server error: MAIL FROM command failed Detail: Authentication Required. For more information, go to
 https://support.google.com/accounts/troubleshooter/2402620. d9443c01a7336-29b5b25c104sm2796735ad.54 - gsmtp
 SMTP code: 530 Additional SMTP info: 5.7.0 | ErrorInfo: The following From address failed: noreply@gymmembership.local : MAIL FROM command failed,Authentication Required. For more information, go to
 https://support.google.com/accounts/troubleshooter/2402620. d9443c01a7336-29b5b25c104sm2796735ad.54 - gsmtp
,530,5.7.0 SMTP server error: MAIL FROM command failed Detail: Authentication Required. For more information, go to
 https://support.google.com/accounts/troubleshooter/2402620. d9443c01a7336-29b5b25c104sm2796735ad.54 - gsmtp
 SMTP code: 530 Additional SMTP info: 5.7.0 SMTP server error: MAIL FROM command failed Detail: Authentication Required. For more information, go to
 https://support.google.com/accounts/troubleshooter/2402620. d9443c01a7336-29b5b25c104sm2796735ad.54 - gsmtp
 SMTP code: 530 Additional SMTP info: 5.7.0
[2025-11-19 21:04:25] PHPMailer Exception: The following From address failed: noreply@gymmembership.local : MAIL FROM command failed,Authentication Required. For more information, go to
 https://support.google.com/accounts/troubleshooter/2402620. 98e67ed59e1d1-345b053038fsm2821138a91.14 - gsmtp
,530,5.7.0 SMTP server error: MAIL FROM command failed Detail: Authentication Required. For more information, go to
 https://support.google.com/accounts/troubleshooter/2402620. 98e67ed59e1d1-345b053038fsm2821138a91.14 - gsmtp
 SMTP code: 530 Additional SMTP info: 5.7.0 | ErrorInfo: The following From address failed: noreply@gymmembership.local : MAIL FROM command failed,Authentication Required. For more information, go to
 https://support.google.com/accounts/troubleshooter/2402620. 98e67ed59e1d1-345b053038fsm2821138a91.14 - gsmtp
,530,5.7.0 SMTP server error: MAIL FROM command failed Detail: Authentication Required. For more information, go to
 https://support.google.com/accounts/troubleshooter/2402620. 98e67ed59e1d1-345b053038fsm2821138a91.14 - gsmtp
 SMTP code: 530 Additional SMTP info: 5.7.0 SMTP server error: MAIL FROM command failed Detail: Authentication Required. For more information, go to
 https://support.google.com/accounts/troubleshooter/2402620. 98e67ed59e1d1-345b053038fsm2821138a91.14 - gsmtp
 SMTP code: 530 Additional SMTP info: 5.7.0
[2025-11-19 21:07:36] PHPMailer Exception: The following From address failed: noreply@gymmembership.local : MAIL FROM command failed,Authentication Required. For more information, go to
 https://support.google.com/accounts/troubleshooter/2402620. 98e67ed59e1d1-345b04771e6sm2513842a91.8 - gsmtp
,530,5.7.0 SMTP server error: MAIL FROM command failed Detail: Authentication Required. For more information, go to
 https://support.google.com/accounts/troubleshooter/2402620. 98e67ed59e1d1-345b04771e6sm2513842a91.8 - gsmtp
 SMTP code: 530 Additional SMTP info: 5.7.0 | ErrorInfo: The following From address failed: noreply@gymmembership.local : MAIL FROM command failed,Authentication Required. For more information, go to
 https://support.google.com/accounts/troubleshooter/2402620. 98e67ed59e1d1-345b04771e6sm2513842a91.8 - gsmtp
,530,5.7.0 SMTP server error: MAIL FROM command failed Detail: Authentication Required. For more information, go to
 https://support.google.com/accounts/troubleshooter/2402620. 98e67ed59e1d1-345b04771e6sm2513842a91.8 - gsmtp
 SMTP code: 530 Additional SMTP info: 5.7.0 SMTP server error: MAIL FROM command failed Detail: Authentication Required. For more information, go to
 https://support.google.com/accounts/troubleshooter/2402620. 98e67ed59e1d1-345b04771e6sm2513842a91.8 - gsmtp
 SMTP code: 530 Additional SMTP info: 5.7.0
[2025-11-19 21:07:40] PHPMailer Exception: The following From address failed: noreply@gymmembership.local : MAIL FROM command failed,Authentication Required. For more information, go to
 https://support.google.com/accounts/troubleshooter/2402620. 98e67ed59e1d1-34726008e96sm389259a91.0 - gsmtp
,530,5.7.0 SMTP server error: MAIL FROM command failed Detail: Authentication Required. For more information, go to
 https://support.google.com/accounts/troubleshooter/2402620. 98e67ed59e1d1-34726008e96sm389259a91.0 - gsmtp
 SMTP code: 530 Additional SMTP info: 5.7.0 | ErrorInfo: The following From address failed: noreply@gymmembership.local : MAIL FROM command failed,Authentication Required. For more information, go to
 https://support.google.com/accounts/troubleshooter/2402620. 98e67ed59e1d1-34726008e96sm389259a91.0 - gsmtp
,530,5.7.0 SMTP server error: MAIL FROM command failed Detail: Authentication Required. For more information, go to
 https://support.google.com/accounts/troubleshooter/2402620. 98e67ed59e1d1-34726008e96sm389259a91.0 - gsmtp
 SMTP code: 530 Additional SMTP info: 5.7.0 SMTP server error: MAIL FROM command failed Detail: Authentication Required. For more information, go to
 https://support.google.com/accounts/troubleshooter/2402620. 98e67ed59e1d1-34726008e96sm389259a91.0 - gsmtp
 SMTP code: 530 Additional SMTP info: 5.7.0
[2025-11-19 21:07:45] PHPMailer Exception: The following From address failed: noreply@gymmembership.local : MAIL FROM command failed,Authentication Required. For more information, go to
 https://support.google.com/accounts/troubleshooter/2402620. 41be03b00d2f7-bd760ac4ba2sm281893a12.28 - gsmtp
,530,5.7.0 SMTP server error: MAIL FROM command failed Detail: Authentication Required. For more information, go to
 https://support.google.com/accounts/troubleshooter/2402620. 41be03b00d2f7-bd760ac4ba2sm281893a12.28 - gsmtp
 SMTP code: 530 Additional SMTP info: 5.7.0 | ErrorInfo: The following From address failed: noreply@gymmembership.local : MAIL FROM command failed,Authentication Required. For more information, go to
 https://support.google.com/accounts/troubleshooter/2402620. 41be03b00d2f7-bd760ac4ba2sm281893a12.28 - gsmtp
,530,5.7.0 SMTP server error: MAIL FROM command failed Detail: Authentication Required. For more information, go to
 https://support.google.com/accounts/troubleshooter/2402620. 41be03b00d2f7-bd760ac4ba2sm281893a12.28 - gsmtp
 SMTP code: 530 Additional SMTP info: 5.7.0 SMTP server error: MAIL FROM command failed Detail: Authentication Required. For more information, go to
 https://support.google.com/accounts/troubleshooter/2402620. 41be03b00d2f7-bd760ac4ba2sm281893a12.28 - gsmtp
 SMTP code: 530 Additional SMTP info: 5.7.0
[2025-11-19 21:09:42] PHPMailer send: SMTPAuth=false, SMTPUser=, From=noreply@gymmembership.local, Sender=noreply@gymmembership.local, To=sailelaprincess.rutherford2023@gmail.com
[2025-11-19 21:09:45] PHPMailer Exception: The following From address failed: noreply@gymmembership.local : MAIL FROM command failed,Authentication Required. For more information, go to
 https://support.google.com/accounts/troubleshooter/2402620. d9443c01a7336-29b5b1387e3sm3018375ad.24 - gsmtp
,530,5.7.0 SMTP server error: MAIL FROM command failed Detail: Authentication Required. For more information, go to
 https://support.google.com/accounts/troubleshooter/2402620. d9443c01a7336-29b5b1387e3sm3018375ad.24 - gsmtp
 SMTP code: 530 Additional SMTP info: 5.7.0 | ErrorInfo: The following From address failed: noreply@gymmembership.local : MAIL FROM command failed,Authentication Required. For more information, go to
 https://support.google.com/accounts/troubleshooter/2402620. d9443c01a7336-29b5b1387e3sm3018375ad.24 - gsmtp
,530,5.7.0 SMTP server error: MAIL FROM command failed Detail: Authentication Required. For more information, go to
 https://support.google.com/accounts/troubleshooter/2402620. d9443c01a7336-29b5b1387e3sm3018375ad.24 - gsmtp
 SMTP code: 530 Additional SMTP info: 5.7.0 SMTP server error: MAIL FROM command failed Detail: Authentication Required. For more information, go to
 https://support.google.com/accounts/troubleshooter/2402620. d9443c01a7336-29b5b1387e3sm3018375ad.24 - gsmtp
 SMTP code: 530 Additional SMTP info: 5.7.0
[2025-11-19 21:09:48] PHPMailer send: SMTPAuth=false, SMTPUser=, From=noreply@gymmembership.local, Sender=noreply@gymmembership.local, To=sailelaprincess.rutherford2023@gmail.com
[2025-11-19 21:09:51] PHPMailer Exception: The following From address failed: noreply@gymmembership.local : MAIL FROM command failed,Authentication Required. For more information, go to
 https://support.google.com/accounts/troubleshooter/2402620. d2e1a72fcca58-7c3f0b63dbcsm190797b3a.50 - gsmtp
,530,5.7.0 SMTP server error: MAIL FROM command failed Detail: Authentication Required. For more information, go to
 https://support.google.com/accounts/troubleshooter/2402620. d2e1a72fcca58-7c3f0b63dbcsm190797b3a.50 - gsmtp
 SMTP code: 530 Additional SMTP info: 5.7.0 | ErrorInfo: The following From address failed: noreply@gymmembership.local : MAIL FROM command failed,Authentication Required. For more information, go to
 https://support.google.com/accounts/troubleshooter/2402620. d2e1a72fcca58-7c3f0b63dbcsm190797b3a.50 - gsmtp
,530,5.7.0 SMTP server error: MAIL FROM command failed Detail: Authentication Required. For more information, go to
 https://support.google.com/accounts/troubleshooter/2402620. d2e1a72fcca58-7c3f0b63dbcsm190797b3a.50 - gsmtp
 SMTP code: 530 Additional SMTP info: 5.7.0 SMTP server error: MAIL FROM command failed Detail: Authentication Required. For more information, go to
 https://support.google.com/accounts/troubleshooter/2402620. d2e1a72fcca58-7c3f0b63dbcsm190797b3a.50 - gsmtp
 SMTP code: 530 Additional SMTP info: 5.7.0
[2025-11-19 21:09:53] PHPMailer send: SMTPAuth=false, SMTPUser=, From=noreply@gymmembership.local, Sender=noreply@gymmembership.local, To=sailelaprincess.rutherford2023@gmail.com
[2025-11-19 21:09:58] PHPMailer Exception: The following From address failed: noreply@gymmembership.local : MAIL FROM command failed,Authentication Required. For more information, go to
 https://support.google.com/accounts/troubleshooter/2402620. d2e1a72fcca58-7c3f0b69d16sm193204b3a.53 - gsmtp
,530,5.7.0 SMTP server error: MAIL FROM command failed Detail: Authentication Required. For more information, go to
 https://support.google.com/accounts/troubleshooter/2402620. d2e1a72fcca58-7c3f0b69d16sm193204b3a.53 - gsmtp
 SMTP code: 530 Additional SMTP info: 5.7.0 | ErrorInfo: The following From address failed: noreply@gymmembership.local : MAIL FROM command failed,Authentication Required. For more information, go to
 https://support.google.com/accounts/troubleshooter/2402620. d2e1a72fcca58-7c3f0b69d16sm193204b3a.53 - gsmtp
,530,5.7.0 SMTP server error: MAIL FROM command failed Detail: Authentication Required. For more information, go to
 https://support.google.com/accounts/troubleshooter/2402620. d2e1a72fcca58-7c3f0b69d16sm193204b3a.53 - gsmtp
 SMTP code: 530 Additional SMTP info: 5.7.0 SMTP server error: MAIL FROM command failed Detail: Authentication Required. For more information, go to
 https://support.google.com/accounts/troubleshooter/2402620. d2e1a72fcca58-7c3f0b69d16sm193204b3a.53 - gsmtp
 SMTP code: 530 Additional SMTP info: 5.7.0
[2025-11-19 21:29:57] PHPMailer send: SMTPAuth=true, SMTPUser=sailelaprincess.rutherford2023@gmail.com, From=sailelaprincess.rutherford2023@gmail.com, Sender=sailelaprincess.rutherford2023@gmail.com, To=sailelaprincess.rutherford2023@gmail.com
[2025-11-19 21:30:02] PHPMailer: send() completed successfully
[2025-11-19 21:30:02] PHPMailer send: SMTPAuth=true, SMTPUser=sailelaprincess.rutherford2023@gmail.com, From=sailelaprincess.rutherford2023@gmail.com, Sender=sailelaprincess.rutherford2023@gmail.com, To=sailelaprincess.rutherford2023@gmail.com
[2025-11-19 21:30:06] PHPMailer: send() completed successfully
[2025-11-19 21:30:06] PHPMailer send: SMTPAuth=true, SMTPUser=sailelaprincess.rutherford2023@gmail.com, From=sailelaprincess.rutherford2023@gmail.com, Sender=sailelaprincess.rutherford2023@gmail.com, To=sailelaprincess.rutherford2023@gmail.com
[2025-11-19 21:30:10] PHPMailer: send() completed successfully
[2025-11-19 21:37:15] PHPMailer send: SMTPAuth=true, SMTPUser=sailelaprincess.rutherford2023@gmail.com, From=sailelaprincessshairamae@gmail.com, Sender=sailelaprincess.rutherford2023@gmail.com, To=sailelaprincess.rutherford2023@gmail.com
[2025-11-19 21:37:19] PHPMailer: send() completed successfully
[2025-11-19 21:44:50] PHPMailer send: SMTPAuth=true, SMTPUser=sailelaprincess.rutherford2023@gmail.com, From=sailelaprincessshairamae@gmail.com, Sender=sailelaprincess.rutherford2023@gmail.com, To=sailelaprincess.rutherford2023@gmail.com
[2025-11-19 21:44:58] PHPMailer: send() completed successfully
[2025-11-19 21:54:25] PHPMailer send: SMTPAuth=true, SMTPUser=sailelaprincess.rutherford2023@gmail.com, From=sailelaprincess.rutherford2023@gmail.com, Sender=sailelaprincess.rutherford2023@gmail.com, To=sailelaprincessshairamae@gmail.com
[2025-11-19 21:54:32] PHPMailer: send() completed successfully
[2025-11-19 21:54:32] PHPMailer send: SMTPAuth=true, SMTPUser=sailelaprincess.rutherford2023@gmail.com, From=sailelaprincess.rutherford2023@gmail.com, Sender=sailelaprincess.rutherford2023@gmail.com, To=sailelaprincessshairamae@gmail.com
[2025-11-19 21:54:41] PHPMailer: send() completed successfully
[2025-11-19 22:06:18] PHPMailer send: SMTPAuth=true, SMTPUser=sailelaprincess.rutherford2023@gmail.com, From=sailelaprincess.rutherford2023@gmail.com, Sender=sailelaprincess.rutherford2023@gmail.com, To=sailelaprincessshairamae@gmail.com
[2025-11-19 22:06:23] PHPMailer: send() completed successfully
